<?xml version="1.0" encoding="UTF-8"?>
<!-- Generated by org.testng.reporters.JUnitXMLReporter -->
<testsuite ignored="0" hostname="HP_Pavilion" failures="0" tests="3" name="Default test" time="27.409" errors="0" timestamp="2025-07-29T13:18:28 IST">
  <testcase classname="testCases.TS_01_HomePage" name="popup" time="0.347"/>
  <testcase classname="testCases.TS_01_HomePage" name="titleValidation" time="0.028"/>
  <testcase classname="testCases.TS_01_HomePage" name="verifyPageLoadsSuccessfully" time="0.148"/>
</testsuite> <!-- Default test -->
